<?xml version="1.0" encoding="UTF-8"?>
<!-- Generated by org.testng.reporters.JUnitReportReporter -->
<testsuite hostname="DESKTOP-6B33D2Q" failures="0" tests="3" name="test.day4" time="0.009" errors="0" timestamp="2023-09-04T12:37:31 MDT" skipped="0">
  <testcase classname="test.day4" name="LoginAPIHome" time="0.005"/>
  <testcase classname="test.day4" name="MobileLoginHome" time="0.002"/>
  <testcase classname="test.day4" name="WebLoginHome" time="0.002"/>
</testsuite> <!-- test.day4 -->
