<?xml version="1.0" encoding="UTF-8"?>
<!-- Generated by org.testng.reporters.JUnitReportReporter -->
<testsuite hostname="DESKTOP-6B33D2Q" failures="0" tests="6" name="test.day3" time="0.040" errors="0" timestamp="2023-09-04T12:37:31 MDT" skipped="0">
  <testcase classname="test.day3" name="MobileLogOut" time="0.004"/>
  <testcase classname="test.day3" name="MobileSignIn" time="0.004"/>
  <testcase classname="test.day3" name="MobileLogOut" time="0.013"/>
  <testcase classname="test.day3" name="WebLogin" time="0.005"/>
  <testcase classname="test.day3" name="MobileLogOut" time="0.006"/>
  <testcase classname="test.day3" name="MobileLogin" time="0.008"/>
</testsuite> <!-- test.day3 -->
