<?xml version="1.0" encoding="UTF-8"?>
<!-- Generated by org.testng.reporters.JUnitReportReporter -->
<testsuite hostname="DESKTOP-6B33D2Q" failures="0" tests="1" name="test.day2" time="0.002" errors="0" timestamp="2023-09-04T12:37:31 MDT" skipped="0">
  <testcase classname="test.day2" name="PLoan" time="0.002"/>
</testsuite> <!-- test.day2 -->
